Active-HDL 8.3.2120.sp1.14.3884  2018-11-15 15:05:03

Elaboration top modules:
Architecture                  tb_architecture(\04_inertial_tb\)


---------------------------------------------------------------------------------------------------------------------------
Entity           | Architecture    | Library                | Info | Compiler Version                | Compilation Options
---------------------------------------------------------------------------------------------------------------------------
\04_inertial_tb\ | tb_architecture | cad_hw03_mehran_rafiee |      | 8.3.2120.sp1.14.3884  (Windows) | -O3 -2002
\04_inertial\    | \04_inertial\   | cad_hw03_mehran_rafiee |      | 8.3.2120.sp1.14.3884  (Windows) | -O3 -2002
---------------------------------------------------------------------------------------------------------------------------

---------------------------------------------------------------------------------------------------------------------------
VHDL Package                       | Library                | Info | Compiler Version                | Compilation Options
---------------------------------------------------------------------------------------------------------------------------
standard                           | std                    |      |                                 | <unavailable>
TEXTIO                             | std                    |      | 8.3.2120.sp1.14.3884  (Windows) | -2008
std_logic_1164                     | ieee                   |      | 8.3.2120.sp1.14.3884  (Windows) | -2008
---------------------------------------------------------------------------------------------------------------------------

---------------------------------------------------------------------------------------------------------------------------
Library                            | Comment
---------------------------------------------------------------------------------------------------------------------------
cad_hw03_mehran_rafiee             | None
ieee                               | Standard IEEE packages library
std                                | Standard VHDL library
---------------------------------------------------------------------------------------------------------------------------
