Active-HDL 8.3.2120.sp1.14.3884  2018-12-12 23:39:48

Elaboration top modules:
Architecture                  tb_architecture(memory_tb)


--------------------------------------------------------------------------------------------------------------------
Entity    | Architecture    | Library                | Info | Compiler Version                | Compilation Options
--------------------------------------------------------------------------------------------------------------------
memory_tb | tb_architecture | cad_hw04_mehran_rafiee |      | 8.3.2120.sp1.14.3884  (Windows) | -O3 -2002
memory    | memory          | cad_hw04_mehran_rafiee |      | 8.3.2120.sp1.14.3884  (Windows) | -O3 -2002
--------------------------------------------------------------------------------------------------------------------

--------------------------------------------------------------------------------------------------------------------
VHDL Package                | Library                | Info | Compiler Version                | Compilation Options
--------------------------------------------------------------------------------------------------------------------
standard                    | std                    |      |                                 | <unavailable>
TEXTIO                      | std                    |      | 8.3.2120.sp1.14.3884  (Windows) | -2008
std_logic_1164              | ieee                   |      | 8.3.2120.sp1.14.3884  (Windows) | -2008
std_logic_arith             | ieee                   |      | 8.3.2120.sp1.14.3884  (Windows) | -2002
NUMERIC_STD                 | ieee                   |      | 8.3.2120.sp1.14.3884  (Windows) | -2008
STD_LOGIC_UNSIGNED          | ieee                   |      | 8.3.2120.sp1.14.3884  (Windows) | -2002
--------------------------------------------------------------------------------------------------------------------

--------------------------------------------------------------------------------------------------------------------
Library                     | Comment
--------------------------------------------------------------------------------------------------------------------
cad_hw04_mehran_rafiee      | None
ieee                        | Standard IEEE packages library
std                         | Standard VHDL library
--------------------------------------------------------------------------------------------------------------------
